<?xml version="1.0" encoding="UTF-8"?>
<testsuite name="Visualizacion de vuelos por clase en los resultados" tests="1" skipped="0" failures="0" errors="0" timestamp="2024-05-26T21:54:44" hostname="SARAY" time="35.165">
  <properties/>
  <testcase name="Visualizacion de vuelos por clase en los resultados de busqueda" classname="Visualizacion de vuelos por clase en los resultados" time="35.165"/>
  <system-out><![CDATA[]]></system-out>
  <system-err><![CDATA[may. 26, 2024 4:54:55 P. M. org.openqa.selenium.devtools.CdpVersionFinder findNearestMatch
ADVERTENCIA: Unable to find CDP implementation matching 125
may. 26, 2024 4:54:55 P. M. org.openqa.selenium.chromium.ChromiumDriver lambda$new$5
ADVERTENCIA: Unable to find version of CDP to use for 125.0.6422.113. You may need to include a dependency on a specific version of the CDP using something similar to `org.seleniumhq.selenium:selenium-devtools-v86:4.16.1` where the version ("v86") matches the version of the chromium-based browser you're using and the version number of the artifact is the same as Selenium's.
]]></system-err>
</testsuite>
