<?xml version="1.0" encoding="UTF-8"?>
<testsuite name="Busqueda por cantidad de personas" tests="3" skipped="0" failures="1" errors="0" timestamp="2024-05-27T04:15:13" hostname="SARAY" time="82.744">
  <properties/>
  <testcase name="Busqueda por cantidad de personas exitoso" classname="Busqueda por cantidad de personas" time="52.704"/>
  <testcase name="Busqueda por cantidad de adulto con niños exitoso" classname="Busqueda por cantidad de personas" time="10.777"/>
  <testcase name="Busqueda por cantidad de personas mayor a 8" classname="Busqueda por cantidad de personas" time="19.261">
    <failure message="java.lang.AssertionError: La suma de adultos y niÃ±os debe ser mayor a 8" type="java.lang.AssertionError">java.lang.AssertionError: La suma de adultos y niÃ±os debe ser mayor a 8
	at co.com.udea.certificacion.autenticacion.stepdefinitions.HU1_5BusqPorPersonasStepDefinition.validateTotalPassengers(HU1_5BusqPorPersonasStepDefinition.java:80)
	at ✽.La suma de ambos campos es mayor que 8(file:///C:/Users/saray/Downloads/Calidad/Calidad/Automatizacion/src/test/resources/features/HU1.5_busq_por_personas.feature:18)
</failure>
  </testcase>
  <system-out><![CDATA[]]></system-out>
  <system-err><![CDATA[may. 26, 2024 11:15:36 P. M. org.openqa.selenium.devtools.CdpVersionFinder findNearestMatch
ADVERTENCIA: Unable to find CDP implementation matching 125
may. 26, 2024 11:15:36 P. M. org.openqa.selenium.chromium.ChromiumDriver lambda$new$5
ADVERTENCIA: Unable to find version of CDP to use for 125.0.6422.113. You may need to include a dependency on a specific version of the CDP using something similar to `org.seleniumhq.selenium:selenium-devtools-v86:4.16.1` where the version ("v86") matches the version of the chromium-based browser you're using and the version number of the artifact is the same as Selenium's.
]]></system-err>
</testsuite>
